Star Ticket Operator Gradle/starticket_alloperators_sale_bk_31May2016_v2.7.0/starTicketOperator/build/outputs/logs/manifest-merger-debug-report.txt
-- Merging decision tree log ---
manifest
ADDED from src/main/AndroidManifest.xml:1:1-56:12
	package
		ADDED from src/main/AndroidManifest.xml:3:3-51
		INJECTED from src/main/AndroidManifest.xml
		INJECTED from src/main/AndroidManifest.xml
	android:versionName
		ADDED from src/main/AndroidManifest.xml:4:3-48
		INJECTED from src/main/AndroidManifest.xml
		INJECTED from src/main/AndroidManifest.xml
	xmlns:tools
		ADDED from src/main/AndroidManifest.xml:2:3-49
	android:versionCode
		ADDED from src/main/AndroidManifest.xml:3:52-76
		INJECTED from src/main/AndroidManifest.xml
		INJECTED from src/main/AndroidManifest.xml
	xmlns:android
		ADDED from src/main/AndroidManifest.xml:1:11-69
uses-sdk
ADDED from src/main/AndroidManifest.xml:6:2-10:4
MERGED from [starticket_alloperators_sale_bk_31May2016_v2.7.0:androidMaterialDesignToolbar:unspecified] AndroidManifest.xml:5:5-7:41
MERGED from [starticket_alloperators_sale_bk_31May2016_v2.7.0:dialogPlus:unspecified] AndroidManifest.xml:5:5-7:41
MERGED from [starticket_alloperators_sale_bk_31May2016_v2.7.0:lib_Material_Calendar:unspecified] AndroidManifest.xml:6:5-8:41
MERGED from [starticket_alloperators_sale_bk_31May2016_v2.7.0:lib_Material_Dialog:unspecified] AndroidManifest.xml:5:5-7:41
MERGED from [starticket_alloperators_sale_bk_31May2016_v2.7.0:lib_ViewPagerTabStrip:unspecified] AndroidManifest.xml:5:5-7:41
MERGED from [starticket_alloperators_sale_bk_31May2016_v2.7.0:materialDialog:unspecified] AndroidManifest.xml:5:5-7:41
MERGED from [starticket_alloperators_sale_bk_31May2016_v2.7.0:materialEditText:unspecified] AndroidManifest.xml:6:5-8:41
MERGED from [starticket_alloperators_sale_bk_31May2016_v2.7.0:sKAlertMessage:unspecified] AndroidManifest.xml:7:5-9:41
MERGED from [starticket_alloperators_sale_bk_31May2016_v2.7.0:sKCalendar:unspecified] AndroidManifest.xml:7:5-9:41
MERGED from [starticket_alloperators_sale_bk_31May2016_v2.7.0:sKConnectionDetector:unspecified] AndroidManifest.xml:7:5-9:41
MERGED from [starticket_alloperators_sale_bk_31May2016_v2.7.0:squareCalendar:unspecified] AndroidManifest.xml:7:5-9:41
MERGED from [com.android.support:design:25.1.0] AndroidManifest.xml:21:5-23:62
MERGED from [com.android.support:appcompat-v7:25.1.0] AndroidManifest.xml:21:5-23:78
MERGED from [com.android.support:animated-vector-drawable:25.1.0] AndroidManifest.xml:20:5-44
MERGED from [com.android.support:support-vector-drawable:25.1.0] AndroidManifest.xml:21:5-43
MERGED from [com.android.support:recyclerview-v7:25.1.0] AndroidManifest.xml:20:5-43
MERGED from [com.android.support:transition:25.1.0] AndroidManifest.xml:20:5-44
MERGED from [starticket_alloperators_sale_bk_31May2016_v2.7.0:MaterialDesign:unspecified] AndroidManifest.xml:7:5-9:41
MERGED from [com.android.support:support-v4:25.1.0] AndroidManifest.xml:21:5-23:54
MERGED from [com.android.support:support-fragment:25.1.0] AndroidManifest.xml:21:5-23:60
MERGED from [com.android.support:support-media-compat:25.1.0] AndroidManifest.xml:21:5-23:63
MERGED from [com.android.support:support-core-ui:25.1.0] AndroidManifest.xml:21:5-23:58
MERGED from [com.android.support:support-core-utils:25.1.0] AndroidManifest.xml:21:5-23:61
MERGED from [com.android.support:support-compat:25.1.0] AndroidManifest.xml:21:5-23:58
	tools:overrideLibrary
		ADDED from src/main/AndroidManifest.xml:9:4-56
	android:targetSdkVersion
		ADDED from src/main/AndroidManifest.xml:8:4-33
		INJECTED from src/main/AndroidManifest.xml
		INJECTED from src/main/AndroidManifest.xml
	android:minSdkVersion
		ADDED from src/main/AndroidManifest.xml:7:4-30
		INJECTED from src/main/AndroidManifest.xml
		INJECTED from src/main/AndroidManifest.xml
uses-permission#android.permission.WRITE_EXTERNAL_STORAGE
ADDED from src/main/AndroidManifest.xml:13:2-77
	android:name
		ADDED from src/main/AndroidManifest.xml:13:19-75
uses-permission#android.permission.ACCESS_NETWORK_STATE
ADDED from src/main/AndroidManifest.xml:14:2-75
MERGED from [starticket_alloperators_sale_bk_31May2016_v2.7.0:sKConnectionDetector:unspecified] AndroidManifest.xml:11:5-79
	android:name
		ADDED from src/main/AndroidManifest.xml:14:19-73
uses-permission#android.permission.INTERNET
ADDED from src/main/AndroidManifest.xml:15:2-63
	android:name
		ADDED from src/main/AndroidManifest.xml:15:19-61
uses-permission#android.permission.BLUETOOTH
ADDED from src/main/AndroidManifest.xml:16:2-64
	android:name
		ADDED from src/main/AndroidManifest.xml:16:19-62
uses-permission#android.permission.BLUETOOTH_ADMIN
ADDED from src/main/AndroidManifest.xml:17:2-70
	android:name
		ADDED from src/main/AndroidManifest.xml:17:19-68
uses-permission#android.permission.MOUNT_UNMOUNT_FILESYSTEMS
ADDED from src/main/AndroidManifest.xml:19:2-80
	android:name
		ADDED from src/main/AndroidManifest.xml:19:19-78
application
ADDED from src/main/AndroidManifest.xml:21:2-54:16
MERGED from [starticket_alloperators_sale_bk_31May2016_v2.7.0:dialogPlus:unspecified] AndroidManifest.xml:9:5-10:19
MERGED from [starticket_alloperators_sale_bk_31May2016_v2.7.0:materialDialog:unspecified] AndroidManifest.xml:9:5-20
MERGED from [starticket_alloperators_sale_bk_31May2016_v2.7.0:shadowLayout:unspecified] AndroidManifest.xml:6:5-20
MERGED from [com.android.support:design:25.1.0] AndroidManifest.xml:25:5-20
MERGED from [com.android.support:appcompat-v7:25.1.0] AndroidManifest.xml:25:5-20
MERGED from [com.android.support:animated-vector-drawable:25.1.0] AndroidManifest.xml:22:5-20
MERGED from [com.android.support:support-vector-drawable:25.1.0] AndroidManifest.xml:23:5-20
MERGED from [com.android.support:transition:25.1.0] AndroidManifest.xml:22:5-20
MERGED from [starticket_alloperators_sale_bk_31May2016_v2.7.0:MaterialDesign:unspecified] AndroidManifest.xml:11:5-14:19
MERGED from [com.android.support:support-v4:25.1.0] AndroidManifest.xml:25:5-20
MERGED from [com.android.support:support-fragment:25.1.0] AndroidManifest.xml:25:5-20
MERGED from [com.android.support:support-media-compat:25.1.0] AndroidManifest.xml:25:5-20
MERGED from [com.android.support:support-core-ui:25.1.0] AndroidManifest.xml:25:5-20
MERGED from [com.android.support:support-core-utils:25.1.0] AndroidManifest.xml:25:5-20
MERGED from [com.android.support:support-compat:25.1.0] AndroidManifest.xml:25:5-20
	android:label
		ADDED from src/main/AndroidManifest.xml:23:4-36
	android:icon
		ADDED from src/main/AndroidManifest.xml:22:4-40
	android:allowBackup
		ADDED from [starticket_alloperators_sale_bk_31May2016_v2.7.0:dialogPlus:unspecified] AndroidManifest.xml:9:18-44
	android:theme
		ADDED from src/main/AndroidManifest.xml:24:4-48
activity#com.ignite.mm.ticketing.starticketsale.MainActivity
ADDED from src/main/AndroidManifest.xml:25:3-34:14
	android:label
		ADDED from src/main/AndroidManifest.xml:27:5-48
	android:name
		ADDED from src/main/AndroidManifest.xml:26:5-33
intent-filter#android.intent.action.MAIN+android.intent.category.LAUNCHER
ADDED from src/main/AndroidManifest.xml:28:4-33:20
action#android.intent.action.MAIN
ADDED from src/main/AndroidManifest.xml:29:5-56
	android:name
		ADDED from src/main/AndroidManifest.xml:29:13-54
category#android.intent.category.LAUNCHER
ADDED from src/main/AndroidManifest.xml:32:5-64
	android:name
		ADDED from src/main/AndroidManifest.xml:32:15-62
activity#com.ignite.mm.ticketing.starticketsale.BusConfirmActivity
ADDED from src/main/AndroidManifest.xml:36:3-96
	android:screenOrientation
		ADDED from src/main/AndroidManifest.xml:36:48-84
	android:name
		ADDED from src/main/AndroidManifest.xml:36:13-47
activity#com.ignite.mm.ticketing.starticketsale.UserLogin
ADDED from src/main/AndroidManifest.xml:37:3-87
	android:screenOrientation
		ADDED from src/main/AndroidManifest.xml:37:39-75
	android:name
		ADDED from src/main/AndroidManifest.xml:37:13-38
activity#com.ignite.mm.ticketing.starticketsale.EditBusSelectSeatActivity
ADDED from src/main/AndroidManifest.xml:39:3-40:71
	android:screenOrientation
		ADDED from src/main/AndroidManifest.xml:39:55-91
	android:windowSoftInputMode
		ADDED from src/main/AndroidManifest.xml:40:5-59
	android:name
		ADDED from src/main/AndroidManifest.xml:39:13-54
activity#com.ignite.mm.ticketing.starticketsale.BusTimeActivity
ADDED from src/main/AndroidManifest.xml:42:3-93
	android:screenOrientation
		ADDED from src/main/AndroidManifest.xml:42:45-81
	android:name
		ADDED from src/main/AndroidManifest.xml:42:13-44
activity#com.ignite.mm.ticketing.starticketsale.BusTripsCityActivity
ADDED from src/main/AndroidManifest.xml:43:3-98
	android:screenOrientation
		ADDED from src/main/AndroidManifest.xml:43:50-86
	android:name
		ADDED from src/main/AndroidManifest.xml:43:13-49
activity#com.ignite.mm.ticketing.starticketsale.BusMenuActivity
ADDED from src/main/AndroidManifest.xml:44:3-45:64
	android:screenOrientation
		ADDED from src/main/AndroidManifest.xml:44:45-81
	android:label
		ADDED from src/main/AndroidManifest.xml:45:5-52
	android:name
		ADDED from src/main/AndroidManifest.xml:44:13-44
activity#com.ignite.mm.ticketing.starticketsale.BusBookingListActivity
ADDED from src/main/AndroidManifest.xml:46:3-47:53
	android:screenOrientation
		ADDED from src/main/AndroidManifest.xml:47:5-41
	android:name
		ADDED from src/main/AndroidManifest.xml:46:13-51
activity#com.ignite.mm.ticketing.starticketsale.BusBookingConfirmDeleteActivity
ADDED from src/main/AndroidManifest.xml:48:3-49:53
	android:screenOrientation
		ADDED from src/main/AndroidManifest.xml:49:5-41
	android:name
		ADDED from src/main/AndroidManifest.xml:48:13-60
activity#com.ignite.mm.ticketing.starticketsale.BusBookingDetailActivity
ADDED from src/main/AndroidManifest.xml:50:3-51:53
	android:screenOrientation
		ADDED from src/main/AndroidManifest.xml:51:5-41
	android:name
		ADDED from src/main/AndroidManifest.xml:50:13-53
activity#com.ignite.mm.ticketing.starticketsale.BusSeatViewPagerActivity
ADDED from src/main/AndroidManifest.xml:52:3-53:53
	android:screenOrientation
		ADDED from src/main/AndroidManifest.xml:53:5-41
	android:name
		ADDED from src/main/AndroidManifest.xml:52:13-53
android:uses-permission#android.permission.READ_PHONE_STATE
IMPLIED from src/main/AndroidManifest.xml:1:1-56:12 reason: com.dd.shadow.layout has a targetSdkVersion < 4
android:uses-permission#android.permission.READ_EXTERNAL_STORAGE
IMPLIED from src/main/AndroidManifest.xml:1:1-56:12 reason: com.dd.shadow.layout requested WRITE_EXTERNAL_STORAGE